ocb/build/intermediates/manifest_merge_blame_file/debug/manifest-merger-blame-debug-report.txt
1<?xml version="1.0" encoding="utf-8"?>
2<manifest xmlns:android="http://schemas.android.com/apk/res/android"
3    package="vn.cashbag.b2bdemo.ocb"
4    android:versionCode="1"
5    android:versionName="1.0" >
6
7    <uses-sdk
8        android:minSdkVersion="15"
8-->src/main/AndroidManifest.xml
9        android:targetSdkVersion="29" />
9-->src/main/AndroidManifest.xml
10
11    <uses-permission android:name="android.permission.INTERNET" />
11-->[:b2b] AndroidManifest.xml:11:5-67
11-->[:b2b] AndroidManifest.xml:11:22-64
12
13    <application
13-->src/main/AndroidManifest.xml:5:5-25:19
14        android:allowBackup="false"
14-->src/main/AndroidManifest.xml:6:9-36
15        android:appComponentFactory="androidx.core.app.CoreComponentFactory"
15-->[androidx.core:core:1.1.0] AndroidManifest.xml:24:18-86
16        android:debuggable="true"
17        android:icon="@mipmap/ic_launcher"
17-->src/main/AndroidManifest.xml:7:9-43
18        android:label="@string/app_name"
18-->src/main/AndroidManifest.xml:8:9-41
19        android:roundIcon="@mipmap/ic_launcher_round"
19-->src/main/AndroidManifest.xml:9:9-54
20        android:supportsRtl="true"
20-->src/main/AndroidManifest.xml:10:9-35
21        android:testOnly="true"
22        android:theme="@style/AppTheme" >
22-->src/main/AndroidManifest.xml:11:9-40
23        <activity
23-->src/main/AndroidManifest.xml:13:9-21:20
24            android:name="vn.cashbag.b2bdemo.ocb.MainActivity"
24-->src/main/AndroidManifest.xml:14:13-41
25            android:screenOrientation="portrait" >
25-->src/main/AndroidManifest.xml:15:13-49
26            <intent-filter>
26-->src/main/AndroidManifest.xml:16:13-20:29
27                <action android:name="android.intent.action.MAIN" />
27-->src/main/AndroidManifest.xml:17:17-69
27-->src/main/AndroidManifest.xml:17:25-66
28
29                <category android:name="android.intent.category.LAUNCHER" />
29-->src/main/AndroidManifest.xml:19:17-77
29-->src/main/AndroidManifest.xml:19:27-74
30            </intent-filter>
31        </activity>
32        <activity
32-->src/main/AndroidManifest.xml:22:9-24:52
33            android:name="vn.cashbag.b2bdemo.WebActivity"
33-->src/main/AndroidManifest.xml:23:13-58
34            android:screenOrientation="portrait" />
34-->src/main/AndroidManifest.xml:24:13-49
35    </application>
36
37</manifest>